<?xml version="1.0" encoding="UTF-8"?>
<!-- Generated by org.testng.reporters.JUnitXMLReporter -->
<testsuite ignored="5" hostname="Somashekars-iMac.local" failures="4" tests="7" name="Surefire test" time="15.639" errors="0" timestamp="2023-09-30T10:09:56 IST">
  <testcase classname="nucotjulypomseries.tests.HomePageTest" name="@BeforeClass homePageSetUp" time="0.006">
    <failure type="java.lang.NullPointerException" message="Cannot invoke &amp;quot;java.util.Properties.getProperty(String)&amp;quot; because &amp;quot;this.opro&amp;quot; is null">
      <![CDATA[java.lang.NullPointerException: Cannot invoke "java.util.Properties.getProperty(String)" because "this.opro" is null
at nucotjulypomseries.tests.HomePageTest.homePageSetUp(HomePageTest.java:16)
at java.base/java.util.ArrayList.forEach(ArrayList.java:1511)
... Removed 30 stack frames]]>
    </failure>
  </testcase> <!-- @BeforeClass homePageSetUp -->
  <testcase classname="nucotjulypomseries.tests.HomePageTest" name="@AfterClass closeApp" time="0.0">
    <skipped/>
  </testcase> <!-- @AfterClass closeApp -->
  <testcase classname="nucotjulypomseries.tests.HomePageTest" name="homePageUrlTest" time="0.0">
    <skipped/>
  </testcase> <!-- homePageUrlTest -->
  <testcase classname="nucotjulypomseries.tests.HomePageTest" name="homePageTitleTest" time="0.0">
    <skipped/>
  </testcase> <!-- homePageTitleTest -->
  <testcase classname="nucotjulypomseries.tests.HomePageTest" name="systemUserDetailsTest" time="0.0">
    <skipped/>
  </testcase> <!-- systemUserDetailsTest -->
  <testcase classname="nucotjulypomseries.tests.LoginWithDifferentDataTest" name="doSetupLoginData" time="0.0">
    <failure type="java.lang.RuntimeException" message="java.lang.NullPointerException: Cannot invoke &amp;quot;org.apache.poi.xssf.usermodel.XSSFSheet.getLastRowNum()&amp;quot; because &amp;quot;sheet&amp;quot; is null">
      <![CDATA[java.lang.RuntimeException: java.lang.NullPointerException: Cannot invoke "org.apache.poi.xssf.usermodel.XSSFSheet.getLastRowNum()" because "sheet" is null
at java.base/java.util.ArrayList.forEach(ArrayList.java:1511)
Caused by: java.lang.NullPointerException: Cannot invoke "org.apache.poi.xssf.usermodel.XSSFSheet.getLastRowNum()" because "sheet" is null
at nucotjulypomseries.util.ExcelUtil.getTestData(ExcelUtil.java:70)
at nucotjulypomseries.tests.LoginWithDifferentDataTest.getRegTestData(LoginWithDifferentDataTest.java:16)
... 30 more
... Removed 37 stack frames]]>
    </failure>
  </testcase> <!-- doSetupLoginData -->
  <testcase classname="nucotjulypomseries.tests.LoginPageTest" name="loginPageUrlTest" time="0.002">
    <failure type="java.lang.NullPointerException" message="Cannot invoke &amp;quot;nucotjulypomseries.pages.LoginPage.getLoginPageURL()&amp;quot; because &amp;quot;this.loginPage&amp;quot; is null">
      <![CDATA[java.lang.NullPointerException: Cannot invoke "nucotjulypomseries.pages.LoginPage.getLoginPageURL()" because "this.loginPage" is null
at nucotjulypomseries.tests.LoginPageTest.loginPageUrlTest(LoginPageTest.java:13)
at java.base/java.util.ArrayList.forEach(ArrayList.java:1511)
... Removed 32 stack frames]]>
    </failure>
  </testcase> <!-- loginPageUrlTest -->
  <testcase classname="nucotjulypomseries.tests.LoginPageTest" name="loginPageTitleTest" time="0.001">
    <failure type="java.lang.NullPointerException" message="Cannot invoke &amp;quot;nucotjulypomseries.pages.LoginPage.getLoginPageTitle()&amp;quot; because &amp;quot;this.loginPage&amp;quot; is null">
      <![CDATA[java.lang.NullPointerException: Cannot invoke "nucotjulypomseries.pages.LoginPage.getLoginPageTitle()" because "this.loginPage" is null
at nucotjulypomseries.tests.LoginPageTest.loginPageTitleTest(LoginPageTest.java:21)
at java.base/java.util.ArrayList.forEach(ArrayList.java:1511)
... Removed 32 stack frames]]>
    </failure>
  </testcase> <!-- loginPageTitleTest -->
  <testcase classname="nucotjulypomseries.tests.LoginPageTest" name="loginTest" time="0.001">
    <failure type="java.lang.NullPointerException" message="Cannot invoke &amp;quot;java.util.Properties.getProperty(String)&amp;quot; because &amp;quot;this.opro&amp;quot; is null">
      <![CDATA[java.lang.NullPointerException: Cannot invoke "java.util.Properties.getProperty(String)" because "this.opro" is null
at nucotjulypomseries.tests.LoginPageTest.loginTest(LoginPageTest.java:28)
at java.base/java.util.ArrayList.forEach(ArrayList.java:1511)
... Removed 32 stack frames]]>
    </failure>
  </testcase> <!-- loginTest -->
  <testcase classname="nucotjulypomseries.tests.BaseTest" name="@AfterTest closeApp" time="0.0">
    <ignored/>
  </testcase> <!-- @AfterTest closeApp -->
  <testcase classname="nucotjulypomseries.tests.BaseTest" name="@BeforeTest setup" time="0.0">
    <ignored/>
  </testcase> <!-- @BeforeTest setup -->
  <testcase classname="nucotjulypomseries.tests.BaseTest" name="@AfterTest closeApp" time="0.0">
    <ignored/>
  </testcase> <!-- @AfterTest closeApp -->
  <testcase classname="nucotjulypomseries.tests.BaseTest" name="@BeforeTest setup" time="0.0">
    <ignored/>
  </testcase> <!-- @BeforeTest setup -->
  <testcase classname="nucotjulypomseries.tests.BaseTest" name="@BeforeTest setup" time="0.0">
    <ignored/>
  </testcase> <!-- @BeforeTest setup -->
</testsuite> <!-- Surefire test -->
