<?xml version="1.0" encoding="UTF-8"?>
<!-- Generated by org.testng.reporters.JUnitXMLReporter -->
<testsuite ignored="0" hostname="Somashekars-iMac.local" failures="0" tests="3" name="Default test" time="52.571" errors="0" timestamp="2023-11-15T12:13:47 IST">
  <testcase classname="nucotjulypomseries.tests.LoginPageTest" name="loginPageUrlTest" time="0.092"/>
  <testcase classname="nucotjulypomseries.tests.LoginPageTest" name="loginPageTitleTest" time="0.025"/>
  <testcase classname="nucotjulypomseries.tests.LoginPageTest" name="loginTest" time="9.794"/>
</testsuite> <!-- Default test -->
