<?xml version="1.0" encoding="UTF-8"?>
<!-- Generated by org.testng.reporters.JUnitXMLReporter -->
<testsuite ignored="0" hostname="Somashekars-iMac.local" failures="0" tests="3" name="HRM Application Nucot" time="27.546" errors="0" timestamp="2023-09-30T10:17:59 IST">
  <testcase classname="nucotjulypomseries.tests.LoginPageTest" name="loginPageUrlTest" time="0.035"/>
  <testcase classname="nucotjulypomseries.tests.LoginPageTest" name="loginPageTitleTest" time="0.013"/>
  <testcase classname="nucotjulypomseries.tests.LoginPageTest" name="loginTest" time="10.846"/>
</testsuite> <!-- HRM Application Nucot -->
