<?xml version="1.0" encoding="UTF-8"?>
<testsuite xmlns:xsi="http://www.w3.org/2001/XMLSchema-instance" xsi:noNamespaceSchemaLocation="https://maven.apache.org/surefire/maven-surefire-plugin/xsd/surefire-test-report.xsd" name="TestSuite" time="16.487" tests="9" errors="0" skipped="4" failures="5">
  <properties>
[...]
</properties>
  <testcase name="homePageSetUp" classname="nucotjulypomseries.tests.HomePageTest" time="15.218">
    <failure message="Cannot invoke &quot;java.util.Properties.getProperty(String)&quot; because &quot;this.opro&quot; is null" type="java.lang.NullPointerException">java.lang.NullPointerException: Cannot invoke "java.util.Properties.getProperty(String)" because "this.opro" is null
	at nucotjulypomseries.tests.HomePageTest.homePageSetUp(HomePageTest.java:16)
</failure>
    <system-out><![CDATA[browser name is :chrome
]]></system-out>
    <system-err><![CDATA[SLF4J: No SLF4J providers were found.
SLF4J: Defaulting to no-operation (NOP) logger implementation
SLF4J: See https://www.slf4j.org/codes.html#noProviders for further details.
ERROR StatusLogger Log4j2 could not find a logging implementation. Please add log4j-core to the classpath. Using SimpleLogger to log to the console...
Sep 30, 2023 10:09:47 AM org.openqa.selenium.devtools.CdpVersionFinder findNearestMatch
WARNING: Unable to find an exact match for CDP version 117, so returning the closest version found: 116
]]></system-err>
  </testcase>
  <testcase name="homePageUrlTest" classname="nucotjulypomseries.tests.HomePageTest" time="0">
    <skipped message="Cannot invoke &quot;java.util.Properties.getProperty(String)&quot; because &quot;this.opro&quot; is null"/>
  </testcase>
  <testcase name="homePageTitleTest" classname="nucotjulypomseries.tests.HomePageTest" time="0">
    <skipped message="Cannot invoke &quot;java.util.Properties.getProperty(String)&quot; because &quot;this.opro&quot; is null"/>
  </testcase>
  <testcase name="systemUserDetailsTest" classname="nucotjulypomseries.tests.HomePageTest" time="0">
    <skipped message="Cannot invoke &quot;java.util.Properties.getProperty(String)&quot; because &quot;this.opro&quot; is null"/>
  </testcase>
  <testcase name="closeApp" classname="nucotjulypomseries.tests.HomePageTest" time="0">
    <skipped/>
  </testcase>
  <testcase name="doSetupLoginData" classname="nucotjulypomseries.tests.LoginWithDifferentDataTest" time="0.767">
    <failure message="java.lang.NullPointerException: Cannot invoke &quot;org.apache.poi.xssf.usermodel.XSSFSheet.getLastRowNum()&quot; because &quot;sheet&quot; is null" type="java.lang.RuntimeException">java.lang.RuntimeException: java.lang.NullPointerException: Cannot invoke "org.apache.poi.xssf.usermodel.XSSFSheet.getLastRowNum()" because "sheet" is null
	at nucotjulypomseries.tests.LoginWithDifferentDataTest.getRegTestData(LoginWithDifferentDataTest.java:16)
</failure>
  </testcase>
  <testcase name="loginPageUrlTest" classname="nucotjulypomseries.tests.LoginPageTest" time="0.003">
    <failure message="Cannot invoke &quot;nucotjulypomseries.pages.LoginPage.getLoginPageURL()&quot; because &quot;this.loginPage&quot; is null" type="java.lang.NullPointerException">java.lang.NullPointerException: Cannot invoke "nucotjulypomseries.pages.LoginPage.getLoginPageURL()" because "this.loginPage" is null
	at nucotjulypomseries.tests.LoginPageTest.loginPageUrlTest(LoginPageTest.java:13)
</failure>
  </testcase>
  <testcase name="loginPageTitleTest" classname="nucotjulypomseries.tests.LoginPageTest" time="0.001">
    <failure message="Cannot invoke &quot;nucotjulypomseries.pages.LoginPage.getLoginPageTitle()&quot; because &quot;this.loginPage&quot; is null" type="java.lang.NullPointerException">java.lang.NullPointerException: Cannot invoke "nucotjulypomseries.pages.LoginPage.getLoginPageTitle()" because "this.loginPage" is null
	at nucotjulypomseries.tests.LoginPageTest.loginPageTitleTest(LoginPageTest.java:21)
</failure>
  </testcase>
  <testcase name="loginTest" classname="nucotjulypomseries.tests.LoginPageTest" time="0.003">
    <failure message="Cannot invoke &quot;java.util.Properties.getProperty(String)&quot; because &quot;this.opro&quot; is null" type="java.lang.NullPointerException">java.lang.NullPointerException: Cannot invoke "java.util.Properties.getProperty(String)" because "this.opro" is null
	at nucotjulypomseries.tests.LoginPageTest.loginTest(LoginPageTest.java:28)
</failure>
  </testcase>
</testsuite>